<?xml version="1.0" encoding="UTF-8"?>
<!-- Generated by org.testng.reporters.JUnitXMLReporter -->
<testsuite ignored="4" hostname="DESKTOP-14E9OCT" failures="1" tests="4" name="NIBM SQA Test" time="88.156" errors="0" timestamp="2022-05-15T09:07:35 IST">
  <testcase classname="com.nibmsqa.testCases.TC_LoginTest_001" name="loginTest" time="8.298"/>
  <testcase classname="com.nibmsqa.testCases.TC_002_Search_Oneway_flights" name="loginTest" time="24.091"/>
  <testcase classname="com.nibmsqa.testCases.TC_003_Search_Roundway_Flights" name="loginTest" time="22.999"/>
  <testcase classname="com.nibmsqa.testCases.TC_004_Flight_Page_Testing" name="flightTest" time="15.38">
    <failure type="org.openqa.selenium.ElementClickInterceptedException" message="element click intercepted: Element is not clickable at point (313, 881)
  (Session info: chrome=101.0.4951.67)
Build info: version: &amp;apos;4.1.2&amp;apos;, revision: &amp;apos;9a5a329c5a&amp;apos;
System info: host: &amp;apos;DESKTOP-14E9OCT&amp;apos;, ip: &amp;apos;192.168.1.100&amp;apos;, os.name: &amp;apos;Windows 10&amp;apos;, os.arch: &amp;apos;amd64&amp;apos;, os.version: &amp;apos;10.0&amp;apos;, java.version: &amp;apos;14.0.1&amp;apos;
Driver info: org.openqa.selenium.chrome.ChromeDriver
Command: [2e580f98299fbde1afad5ef82d1c5e66, clickElement {id=cd2292ab-91bf-46fd-aac6-b374fe1c291f}]
Capabilities {acceptInsecureCerts: false, browserName: chrome, browserVersion: 101.0.4951.67, chrome: {chromedriverVersion: 100.0.4896.60 (6a5d10861ce8..., userDataDir: C:\Users\USER\AppData\Local...}, goog:chromeOptions: {debuggerAddress: localhost:49583}, javascriptEnabled: true, networkConnectionEnabled: false, pageLoadStrategy: normal, platform: WINDOWS, platformName: WINDOWS, proxy: Proxy(), se:cdp: ws://localhost:49583/devtoo..., se:cdpVersion: 101.0.4951.67, setWindowRect: true, strictFileInteractability: false, timeouts: {implicit: 0, pageLoad: 300000, script: 30000}, unhandledPromptBehavior: dismiss and notify, webauthn:extension:credBlob: true, webauthn:extension:largeBlob: true, webauthn:virtualAuthenticators: true}
Element: [[ChromeDriver: chrome on WINDOWS (2e580f98299fbde1afad5ef82d1c5e66)] -&amp;gt; xpath: //body/main[1]/div[1]/div[1]/div[1]/form[1]/div[2]/div[1]/div[1]/div[1]/fieldset[1]/div[1]/ul[1]/li[1]/div[1]/label[1]]
Session ID: 2e580f98299fbde1afad5ef82d1c5e66">
      <![CDATA[org.openqa.selenium.ElementClickInterceptedException: element click intercepted: Element is not clickable at point (313, 881)
  (Session info: chrome=101.0.4951.67)
Build info: version: '4.1.2', revision: '9a5a329c5a'
System info: host: 'DESKTOP-14E9OCT', ip: '192.168.1.100', os.name: 'Windows 10', os.arch: 'amd64', os.version: '10.0', java.version: '14.0.1'
Driver info: org.openqa.selenium.chrome.ChromeDriver
Command: [2e580f98299fbde1afad5ef82d1c5e66, clickElement {id=cd2292ab-91bf-46fd-aac6-b374fe1c291f}]
Capabilities {acceptInsecureCerts: false, browserName: chrome, browserVersion: 101.0.4951.67, chrome: {chromedriverVersion: 100.0.4896.60 (6a5d10861ce8..., userDataDir: C:\Users\USER\AppData\Local...}, goog:chromeOptions: {debuggerAddress: localhost:49583}, javascriptEnabled: true, networkConnectionEnabled: false, pageLoadStrategy: normal, platform: WINDOWS, platformName: WINDOWS, proxy: Proxy(), se:cdp: ws://localhost:49583/devtoo..., se:cdpVersion: 101.0.4951.67, setWindowRect: true, strictFileInteractability: false, timeouts: {implicit: 0, pageLoad: 300000, script: 30000}, unhandledPromptBehavior: dismiss and notify, webauthn:extension:credBlob: true, webauthn:extension:largeBlob: true, webauthn:virtualAuthenticators: true}
Element: [[ChromeDriver: chrome on WINDOWS (2e580f98299fbde1afad5ef82d1c5e66)] -> xpath: //body/main[1]/div[1]/div[1]/div[1]/form[1]/div[2]/div[1]/div[1]/div[1]/fieldset[1]/div[1]/ul[1]/li[1]/div[1]/label[1]]
Session ID: 2e580f98299fbde1afad5ef82d1c5e66
at org.openqa.selenium.remote.codec.w3c.W3CHttpResponseCodec.createException(W3CHttpResponseCodec.java:200)
at org.openqa.selenium.remote.codec.w3c.W3CHttpResponseCodec.decode(W3CHttpResponseCodec.java:133)
at org.openqa.selenium.remote.codec.w3c.W3CHttpResponseCodec.decode(W3CHttpResponseCodec.java:53)
at org.openqa.selenium.remote.HttpCommandExecutor.execute(HttpCommandExecutor.java:184)
at org.openqa.selenium.remote.service.DriverCommandExecutor.invokeExecute(DriverCommandExecutor.java:167)
at org.openqa.selenium.remote.service.DriverCommandExecutor.execute(DriverCommandExecutor.java:142)
at org.openqa.selenium.remote.RemoteWebDriver.execute(RemoteWebDriver.java:558)
at org.openqa.selenium.remote.RemoteWebElement.execute(RemoteWebElement.java:251)
at org.openqa.selenium.remote.RemoteWebElement.click(RemoteWebElement.java:77)
at org.openqa.selenium.support.pagefactory.internal.LocatingElementHandler.invoke(LocatingElementHandler.java:52)
at com.sun.proxy.$Proxy19.click(Unknown Source)
at com.nibmsqa.pageobjects.FlightPage.selectIndiagotAirlines(FlightPage.java:45)
at com.nibmsqa.testCases.TC_004_Flight_Page_Testing.flightTest(TC_004_Flight_Page_Testing.java:32)
at java.base/java.util.ArrayList.forEach(ArrayList.java:1510)
... Removed 35 stack frames]]>
    </failure>
  </testcase> <!-- flightTest -->
  <testcase classname="com.nibmsqa.pageobjects.BaseClass" name="@BeforeTest setup" time="0.0">
    <ignored/>
  </testcase> <!-- @BeforeTest setup -->
  <testcase classname="com.nibmsqa.pageobjects.BaseClass" name="@BeforeTest setup" time="0.0">
    <ignored/>
  </testcase> <!-- @BeforeTest setup -->
  <testcase classname="com.nibmsqa.pageobjects.BaseClass" name="@AfterTest tearDown" time="0.0">
    <ignored/>
  </testcase> <!-- @AfterTest tearDown -->
  <testcase classname="com.nibmsqa.pageobjects.BaseClass" name="@AfterTest tearDown" time="0.0">
    <ignored/>
  </testcase> <!-- @AfterTest tearDown -->
</testsuite> <!-- NIBM SQA Test -->
